2024-08-18T11:25:05.513+07:00  INFO 336 --- [doan] [main] h.project.doan.DoanApplication           : Starting DoanApplication using Java 17.0.11 with PID 336 (D:\code\Java\Project_Ban_Hang\doan\target\classes started by ADMIN in D:\code\Java\Project_Ban_Hang\doan)
2024-08-18T11:25:05.521+07:00  INFO 336 --- [doan] [main] h.project.doan.DoanApplication           : No active profile set, falling back to 1 default profile: "default"
2024-08-18T11:25:06.289+07:00  INFO 336 --- [doan] [main] .s.d.r.c.RepositoryConfigurationDelegate : Bootstrapping Spring Data JPA repositories in DEFAULT mode.
2024-08-18T11:25:06.356+07:00  INFO 336 --- [doan] [main] .s.d.r.c.RepositoryConfigurationDelegate : Finished Spring Data repository scanning in 57 ms. Found 5 JPA repository interfaces.
2024-08-18T11:25:07.077+07:00  INFO 336 --- [doan] [main] o.s.b.w.embedded.tomcat.TomcatWebServer  : Tomcat initialized with port 6868 (http)
2024-08-18T11:25:07.090+07:00  INFO 336 --- [doan] [main] o.apache.catalina.core.StandardService   : Starting service [Tomcat]
2024-08-18T11:25:07.091+07:00  INFO 336 --- [doan] [main] o.apache.catalina.core.StandardEngine    : Starting Servlet engine: [Apache Tomcat/10.1.26]
2024-08-18T11:25:07.162+07:00  INFO 336 --- [doan] [main] o.a.c.c.C.[Tomcat].[localhost].[/]       : Initializing Spring embedded WebApplicationContext
2024-08-18T11:25:07.163+07:00  INFO 336 --- [doan] [main] w.s.c.ServletWebServerApplicationContext : Root WebApplicationContext: initialization completed in 1600 ms
2024-08-18T11:25:07.407+07:00  INFO 336 --- [doan] [main] o.hibernate.jpa.internal.util.LogHelper  : HHH000204: Processing PersistenceUnitInfo [name: default]
2024-08-18T11:25:07.526+07:00  INFO 336 --- [doan] [main] org.hibernate.Version                    : HHH000412: Hibernate ORM core version 6.5.2.Final
2024-08-18T11:25:07.600+07:00  INFO 336 --- [doan] [main] o.h.c.internal.RegionFactoryInitiator    : HHH000026: Second-level cache disabled
2024-08-18T11:25:07.955+07:00  INFO 336 --- [doan] [main] o.s.o.j.p.SpringPersistenceUnitInfo      : No LoadTimeWeaver setup: ignoring JPA class transformer
2024-08-18T11:25:07.990+07:00  INFO 336 --- [doan] [main] com.zaxxer.hikari.HikariDataSource       : HikariPool-1 - Starting...
2024-08-18T11:25:08.155+07:00  INFO 336 --- [doan] [main] com.zaxxer.hikari.pool.HikariPool        : HikariPool-1 - Added connection com.mysql.cj.jdbc.ConnectionImpl@7b5833ee
2024-08-18T11:25:08.157+07:00  INFO 336 --- [doan] [main] com.zaxxer.hikari.HikariDataSource       : HikariPool-1 - Start completed.
2024-08-18T11:25:08.199+07:00  WARN 336 --- [doan] [main] org.hibernate.dialect.Dialect            : HHH000511: The 5.5.5 version for [org.hibernate.dialect.MySQLDialect] is no longer supported, hence certain features may not work properly. The minimum supported version is 8.0.0. Check the community dialects project for available legacy versions.
2024-08-18T11:25:08.205+07:00  WARN 336 --- [doan] [main] org.hibernate.orm.deprecation            : HHH90000025: MySQLDialect does not need to be specified explicitly using 'hibernate.dialect' (remove the property setting and it will be selected by default)
2024-08-18T11:25:09.020+07:00  INFO 336 --- [doan] [main] o.h.e.t.j.p.i.JtaPlatformInitiator       : HHH000489: No JTA platform available (set 'hibernate.transaction.jta.platform' to enable JTA platform integration)
2024-08-18T11:25:09.097+07:00  INFO 336 --- [doan] [main] j.LocalContainerEntityManagerFactoryBean : Initialized JPA EntityManagerFactory for persistence unit 'default'
2024-08-18T11:25:09.476+07:00  WARN 336 --- [doan] [main] ConfigServletWebServerApplicationContext : Exception encountered during context initialization - cancelling refresh attempt: org.springframework.beans.factory.UnsatisfiedDependencyException: Error creating bean with name 'sanPhamController': Unsatisfied dependency expressed through field 'dvl': Error creating bean with name 'sanPhamService': Unsatisfied dependency expressed through field 'kdl': Error creating bean with name 'sanPhamRepository' defined in hoang_vuong.project.doan.admin.sanpham.SanPhamRepository defined in @EnableJpaRepositories declared on JpaRepositoriesRegistrar.EnableJpaRepositoriesConfiguration: Not a managed type: class hoang_vuong.project.doan.admin.sanpham.SanPham
2024-08-18T11:25:09.478+07:00  INFO 336 --- [doan] [main] j.LocalContainerEntityManagerFactoryBean : Closing JPA EntityManagerFactory for persistence unit 'default'
2024-08-18T11:25:09.480+07:00  INFO 336 --- [doan] [main] com.zaxxer.hikari.HikariDataSource       : HikariPool-1 - Shutdown initiated...
2024-08-18T11:25:09.489+07:00  INFO 336 --- [doan] [main] com.zaxxer.hikari.HikariDataSource       : HikariPool-1 - Shutdown completed.
2024-08-18T11:25:09.492+07:00  INFO 336 --- [doan] [main] o.apache.catalina.core.StandardService   : Stopping service [Tomcat]
2024-08-18T11:25:09.503+07:00  INFO 336 --- [doan] [main] .s.b.a.l.ConditionEvaluationReportLogger : 

Error starting ApplicationContext. To display the condition evaluation report re-run your application with 'debug' enabled.
2024-08-18T11:25:09.530+07:00 ERROR 336 --- [doan] [main] o.s.boot.SpringApplication               : Application run failed

org.springframework.beans.factory.UnsatisfiedDependencyException: Error creating bean with name 'sanPhamController': Unsatisfied dependency expressed through field 'dvl': Error creating bean with name 'sanPhamService': Unsatisfied dependency expressed through field 'kdl': Error creating bean with name 'sanPhamRepository' defined in hoang_vuong.project.doan.admin.sanpham.SanPhamRepository defined in @EnableJpaRepositories declared on JpaRepositoriesRegistrar.EnableJpaRepositoriesConfiguration: Not a managed type: class hoang_vuong.project.doan.admin.sanpham.SanPham
	at org.springframework.beans.factory.annotation.AutowiredAnnotationBeanPostProcessor$AutowiredFieldElement.resolveFieldValue(AutowiredAnnotationBeanPostProcessor.java:787) ~[spring-beans-6.1.11.jar:6.1.11]
	at org.springframework.beans.factory.annotation.AutowiredAnnotationBeanPostProcessor$AutowiredFieldElement.inject(AutowiredAnnotationBeanPostProcessor.java:767) ~[spring-beans-6.1.11.jar:6.1.11]
	at org.springframework.beans.factory.annotation.InjectionMetadata.inject(InjectionMetadata.java:145) ~[spring-beans-6.1.11.jar:6.1.11]
	at org.springframework.beans.factory.annotation.AutowiredAnnotationBeanPostProcessor.postProcessProperties(AutowiredAnnotationBeanPostProcessor.java:508) ~[spring-beans-6.1.11.jar:6.1.11]
	at org.springframework.beans.factory.support.AbstractAutowireCapableBeanFactory.populateBean(AbstractAutowireCapableBeanFactory.java:1439) ~[spring-beans-6.1.11.jar:6.1.11]
	at org.springframework.beans.factory.support.AbstractAutowireCapableBeanFactory.doCreateBean(AbstractAutowireCapableBeanFactory.java:599) ~[spring-beans-6.1.11.jar:6.1.11]
	at org.springframework.beans.factory.support.AbstractAutowireCapableBeanFactory.createBean(AbstractAutowireCapableBeanFactory.java:522) ~[spring-beans-6.1.11.jar:6.1.11]
	at org.springframework.beans.factory.support.AbstractBeanFactory.lambda$doGetBean$0(AbstractBeanFactory.java:337) ~[spring-beans-6.1.11.jar:6.1.11]
	at org.springframework.beans.factory.support.DefaultSingletonBeanRegistry.getSingleton(DefaultSingletonBeanRegistry.java:234) ~[spring-beans-6.1.11.jar:6.1.11]
	at org.springframework.beans.factory.support.AbstractBeanFactory.doGetBean(AbstractBeanFactory.java:335) ~[spring-beans-6.1.11.jar:6.1.11]
	at org.springframework.beans.factory.support.AbstractBeanFactory.getBean(AbstractBeanFactory.java:200) ~[spring-beans-6.1.11.jar:6.1.11]
	at org.springframework.beans.factory.support.DefaultListableBeanFactory.preInstantiateSingletons(DefaultListableBeanFactory.java:975) ~[spring-beans-6.1.11.jar:6.1.11]
	at org.springframework.context.support.AbstractApplicationContext.finishBeanFactoryInitialization(AbstractApplicationContext.java:971) ~[spring-context-6.1.11.jar:6.1.11]
	at org.springframework.context.support.AbstractApplicationContext.refresh(AbstractApplicationContext.java:625) ~[spring-context-6.1.11.jar:6.1.11]
	at org.springframework.boot.web.servlet.context.ServletWebServerApplicationContext.refresh(ServletWebServerApplicationContext.java:146) ~[spring-boot-3.3.2.jar:3.3.2]
	at org.springframework.boot.SpringApplication.refresh(SpringApplication.java:754) ~[spring-boot-3.3.2.jar:3.3.2]
	at org.springframework.boot.SpringApplication.refreshContext(SpringApplication.java:456) ~[spring-boot-3.3.2.jar:3.3.2]
	at org.springframework.boot.SpringApplication.run(SpringApplication.java:335) ~[spring-boot-3.3.2.jar:3.3.2]
	at org.springframework.boot.SpringApplication.run(SpringApplication.java:1363) ~[spring-boot-3.3.2.jar:3.3.2]
	at org.springframework.boot.SpringApplication.run(SpringApplication.java:1352) ~[spring-boot-3.3.2.jar:3.3.2]
	at hoang_vuong.project.doan.DoanApplication.main(DoanApplication.java:10) ~[classes/:na]
Caused by: org.springframework.beans.factory.UnsatisfiedDependencyException: Error creating bean with name 'sanPhamService': Unsatisfied dependency expressed through field 'kdl': Error creating bean with name 'sanPhamRepository' defined in hoang_vuong.project.doan.admin.sanpham.SanPhamRepository defined in @EnableJpaRepositories declared on JpaRepositoriesRegistrar.EnableJpaRepositoriesConfiguration: Not a managed type: class hoang_vuong.project.doan.admin.sanpham.SanPham
	at org.springframework.beans.factory.annotation.AutowiredAnnotationBeanPostProcessor$AutowiredFieldElement.resolveFieldValue(AutowiredAnnotationBeanPostProcessor.java:787) ~[spring-beans-6.1.11.jar:6.1.11]
	at org.springframework.beans.factory.annotation.AutowiredAnnotationBeanPostProcessor$AutowiredFieldElement.inject(AutowiredAnnotationBeanPostProcessor.java:767) ~[spring-beans-6.1.11.jar:6.1.11]
	at org.springframework.beans.factory.annotation.InjectionMetadata.inject(InjectionMetadata.java:145) ~[spring-beans-6.1.11.jar:6.1.11]
	at org.springframework.beans.factory.annotation.AutowiredAnnotationBeanPostProcessor.postProcessProperties(AutowiredAnnotationBeanPostProcessor.java:508) ~[spring-beans-6.1.11.jar:6.1.11]
	at org.springframework.beans.factory.support.AbstractAutowireCapableBeanFactory.populateBean(AbstractAutowireCapableBeanFactory.java:1439) ~[spring-beans-6.1.11.jar:6.1.11]
	at org.springframework.beans.factory.support.AbstractAutowireCapableBeanFactory.doCreateBean(AbstractAutowireCapableBeanFactory.java:599) ~[spring-beans-6.1.11.jar:6.1.11]
	at org.springframework.beans.factory.support.AbstractAutowireCapableBeanFactory.createBean(AbstractAutowireCapableBeanFactory.java:522) ~[spring-beans-6.1.11.jar:6.1.11]
	at org.springframework.beans.factory.support.AbstractBeanFactory.lambda$doGetBean$0(AbstractBeanFactory.java:337) ~[spring-beans-6.1.11.jar:6.1.11]
	at org.springframework.beans.factory.support.DefaultSingletonBeanRegistry.getSingleton(DefaultSingletonBeanRegistry.java:234) ~[spring-beans-6.1.11.jar:6.1.11]
	at org.springframework.beans.factory.support.AbstractBeanFactory.doGetBean(AbstractBeanFactory.java:335) ~[spring-beans-6.1.11.jar:6.1.11]
	at org.springframework.beans.factory.support.AbstractBeanFactory.getBean(AbstractBeanFactory.java:200) ~[spring-beans-6.1.11.jar:6.1.11]
	at org.springframework.beans.factory.config.DependencyDescriptor.resolveCandidate(DependencyDescriptor.java:254) ~[spring-beans-6.1.11.jar:6.1.11]
	at org.springframework.beans.factory.support.DefaultListableBeanFactory.doResolveDependency(DefaultListableBeanFactory.java:1443) ~[spring-beans-6.1.11.jar:6.1.11]
	at org.springframework.beans.factory.support.DefaultListableBeanFactory.resolveDependency(DefaultListableBeanFactory.java:1353) ~[spring-beans-6.1.11.jar:6.1.11]
	at org.springframework.beans.factory.annotation.AutowiredAnnotationBeanPostProcessor$AutowiredFieldElement.resolveFieldValue(AutowiredAnnotationBeanPostProcessor.java:784) ~[spring-beans-6.1.11.jar:6.1.11]
	... 20 common frames omitted
Caused by: org.springframework.beans.factory.BeanCreationException: Error creating bean with name 'sanPhamRepository' defined in hoang_vuong.project.doan.admin.sanpham.SanPhamRepository defined in @EnableJpaRepositories declared on JpaRepositoriesRegistrar.EnableJpaRepositoriesConfiguration: Not a managed type: class hoang_vuong.project.doan.admin.sanpham.SanPham
	at org.springframework.beans.factory.support.AbstractAutowireCapableBeanFactory.initializeBean(AbstractAutowireCapableBeanFactory.java:1806) ~[spring-beans-6.1.11.jar:6.1.11]
	at org.springframework.beans.factory.support.AbstractAutowireCapableBeanFactory.doCreateBean(AbstractAutowireCapableBeanFactory.java:600) ~[spring-beans-6.1.11.jar:6.1.11]
	at org.springframework.beans.factory.support.AbstractAutowireCapableBeanFactory.createBean(AbstractAutowireCapableBeanFactory.java:522) ~[spring-beans-6.1.11.jar:6.1.11]
	at org.springframework.beans.factory.support.AbstractBeanFactory.lambda$doGetBean$0(AbstractBeanFactory.java:337) ~[spring-beans-6.1.11.jar:6.1.11]
	at org.springframework.beans.factory.support.DefaultSingletonBeanRegistry.getSingleton(DefaultSingletonBeanRegistry.java:234) ~[spring-beans-6.1.11.jar:6.1.11]
	at org.springframework.beans.factory.support.AbstractBeanFactory.doGetBean(AbstractBeanFactory.java:335) ~[spring-beans-6.1.11.jar:6.1.11]
	at org.springframework.beans.factory.support.AbstractBeanFactory.getBean(AbstractBeanFactory.java:200) ~[spring-beans-6.1.11.jar:6.1.11]
	at org.springframework.beans.factory.config.DependencyDescriptor.resolveCandidate(DependencyDescriptor.java:254) ~[spring-beans-6.1.11.jar:6.1.11]
	at org.springframework.beans.factory.support.DefaultListableBeanFactory.doResolveDependency(DefaultListableBeanFactory.java:1443) ~[spring-beans-6.1.11.jar:6.1.11]
	at org.springframework.beans.factory.support.DefaultListableBeanFactory.resolveDependency(DefaultListableBeanFactory.java:1353) ~[spring-beans-6.1.11.jar:6.1.11]
	at org.springframework.beans.factory.annotation.AutowiredAnnotationBeanPostProcessor$AutowiredFieldElement.resolveFieldValue(AutowiredAnnotationBeanPostProcessor.java:784) ~[spring-beans-6.1.11.jar:6.1.11]
	... 34 common frames omitted
Caused by: java.lang.IllegalArgumentException: Not a managed type: class hoang_vuong.project.doan.admin.sanpham.SanPham
	at org.hibernate.metamodel.model.domain.internal.JpaMetamodelImpl.managedType(JpaMetamodelImpl.java:194) ~[hibernate-core-6.5.2.Final.jar:6.5.2.Final]
	at org.hibernate.metamodel.model.domain.internal.MappingMetamodelImpl.managedType(MappingMetamodelImpl.java:469) ~[hibernate-core-6.5.2.Final.jar:6.5.2.Final]
	at org.hibernate.metamodel.model.domain.internal.MappingMetamodelImpl.managedType(MappingMetamodelImpl.java:99) ~[hibernate-core-6.5.2.Final.jar:6.5.2.Final]
	at org.springframework.data.jpa.repository.support.JpaMetamodelEntityInformation.<init>(JpaMetamodelEntityInformation.java:82) ~[spring-data-jpa-3.3.2.jar:3.3.2]
	at org.springframework.data.jpa.repository.support.JpaEntityInformationSupport.getEntityInformation(JpaEntityInformationSupport.java:69) ~[spring-data-jpa-3.3.2.jar:3.3.2]
	at org.springframework.data.jpa.repository.support.JpaRepositoryFactory.getEntityInformation(JpaRepositoryFactory.java:249) ~[spring-data-jpa-3.3.2.jar:3.3.2]
	at org.springframework.data.jpa.repository.support.JpaRepositoryFactory.getTargetRepository(JpaRepositoryFactory.java:214) ~[spring-data-jpa-3.3.2.jar:3.3.2]
	at org.springframework.data.jpa.repository.support.JpaRepositoryFactory.getTargetRepository(JpaRepositoryFactory.java:197) ~[spring-data-jpa-3.3.2.jar:3.3.2]
	at org.springframework.data.jpa.repository.support.JpaRepositoryFactory.getTargetRepository(JpaRepositoryFactory.java:1) ~[spring-data-jpa-3.3.2.jar:3.3.2]
	at org.springframework.data.repository.core.support.RepositoryFactorySupport.getRepository(RepositoryFactorySupport.java:317) ~[spring-data-commons-3.3.2.jar:3.3.2]
	at org.springframework.data.repository.core.support.RepositoryFactoryBeanSupport.lambda$afterPropertiesSet$5(RepositoryFactoryBeanSupport.java:286) ~[spring-data-commons-3.3.2.jar:3.3.2]
	at org.springframework.data.util.Lazy.getNullable(Lazy.java:135) ~[spring-data-commons-3.3.2.jar:3.3.2]
	at org.springframework.data.util.Lazy.get(Lazy.java:113) ~[spring-data-commons-3.3.2.jar:3.3.2]
	at org.springframework.data.repository.core.support.RepositoryFactoryBeanSupport.afterPropertiesSet(RepositoryFactoryBeanSupport.java:292) ~[spring-data-commons-3.3.2.jar:3.3.2]
	at org.springframework.data.jpa.repository.support.JpaRepositoryFactoryBean.afterPropertiesSet(JpaRepositoryFactoryBean.java:132) ~[spring-data-jpa-3.3.2.jar:3.3.2]
	at org.springframework.beans.factory.support.AbstractAutowireCapableBeanFactory.invokeInitMethods(AbstractAutowireCapableBeanFactory.java:1853) ~[spring-beans-6.1.11.jar:6.1.11]
	at org.springframework.beans.factory.support.AbstractAutowireCapableBeanFactory.initializeBean(AbstractAutowireCapableBeanFactory.java:1802) ~[spring-beans-6.1.11.jar:6.1.11]
	... 44 common frames omitted

2024-08-18T11:28:58.574+07:00  INFO 2136 --- [doan] [main] h.project.doan.DoanApplication           : Starting DoanApplication using Java 17.0.11 with PID 2136 (D:\code\Java\Project_Ban_Hang\doan\target\classes started by ADMIN in D:\code\Java\Project_Ban_Hang\doan)
2024-08-18T11:28:58.577+07:00  INFO 2136 --- [doan] [main] h.project.doan.DoanApplication           : No active profile set, falling back to 1 default profile: "default"
2024-08-18T11:28:59.125+07:00  INFO 2136 --- [doan] [main] .s.d.r.c.RepositoryConfigurationDelegate : Bootstrapping Spring Data JPA repositories in DEFAULT mode.
2024-08-18T11:28:59.185+07:00  INFO 2136 --- [doan] [main] .s.d.r.c.RepositoryConfigurationDelegate : Finished Spring Data repository scanning in 52 ms. Found 5 JPA repository interfaces.
2024-08-18T11:28:59.728+07:00  INFO 2136 --- [doan] [main] o.s.b.w.embedded.tomcat.TomcatWebServer  : Tomcat initialized with port 6868 (http)
2024-08-18T11:28:59.740+07:00  INFO 2136 --- [doan] [main] o.apache.catalina.core.StandardService   : Starting service [Tomcat]
2024-08-18T11:28:59.741+07:00  INFO 2136 --- [doan] [main] o.apache.catalina.core.StandardEngine    : Starting Servlet engine: [Apache Tomcat/10.1.26]
2024-08-18T11:28:59.819+07:00  INFO 2136 --- [doan] [main] o.a.c.c.C.[Tomcat].[localhost].[/]       : Initializing Spring embedded WebApplicationContext
2024-08-18T11:28:59.820+07:00  INFO 2136 --- [doan] [main] w.s.c.ServletWebServerApplicationContext : Root WebApplicationContext: initialization completed in 1198 ms
2024-08-18T11:29:00.036+07:00  INFO 2136 --- [doan] [main] o.hibernate.jpa.internal.util.LogHelper  : HHH000204: Processing PersistenceUnitInfo [name: default]
2024-08-18T11:29:00.119+07:00  INFO 2136 --- [doan] [main] org.hibernate.Version                    : HHH000412: Hibernate ORM core version 6.5.2.Final
2024-08-18T11:29:00.170+07:00  INFO 2136 --- [doan] [main] o.h.c.internal.RegionFactoryInitiator    : HHH000026: Second-level cache disabled
2024-08-18T11:29:00.493+07:00  INFO 2136 --- [doan] [main] o.s.o.j.p.SpringPersistenceUnitInfo      : No LoadTimeWeaver setup: ignoring JPA class transformer
2024-08-18T11:29:00.529+07:00  INFO 2136 --- [doan] [main] com.zaxxer.hikari.HikariDataSource       : HikariPool-1 - Starting...
2024-08-18T11:29:00.676+07:00  INFO 2136 --- [doan] [main] com.zaxxer.hikari.pool.HikariPool        : HikariPool-1 - Added connection com.mysql.cj.jdbc.ConnectionImpl@4cc26df
2024-08-18T11:29:00.678+07:00  INFO 2136 --- [doan] [main] com.zaxxer.hikari.HikariDataSource       : HikariPool-1 - Start completed.
2024-08-18T11:29:00.709+07:00  WARN 2136 --- [doan] [main] org.hibernate.dialect.Dialect            : HHH000511: The 5.5.5 version for [org.hibernate.dialect.MySQLDialect] is no longer supported, hence certain features may not work properly. The minimum supported version is 8.0.0. Check the community dialects project for available legacy versions.
2024-08-18T11:29:00.714+07:00  WARN 2136 --- [doan] [main] org.hibernate.orm.deprecation            : HHH90000025: MySQLDialect does not need to be specified explicitly using 'hibernate.dialect' (remove the property setting and it will be selected by default)
2024-08-18T11:29:01.380+07:00  INFO 2136 --- [doan] [main] o.h.e.t.j.p.i.JtaPlatformInitiator       : HHH000489: No JTA platform available (set 'hibernate.transaction.jta.platform' to enable JTA platform integration)
2024-08-18T11:29:01.449+07:00 DEBUG 2136 --- [doan] [main] org.hibernate.SQL                        : create table san_pham (id integer not null auto_increment, anh_dai_dien varchar(255), ban_chay bit, don_gia float(23), mansx integer not null, mo_ta varchar(255), model varchar(255), ngay_het_han date, ngay_sua date, ngay_tao date, noi_bat bit, tag varchar(255), thu_tu integer not null, trang_thai bit, primary key (id)) engine=InnoDB
2024-08-18T11:29:01.456+07:00  INFO 2136 --- [doan] [main] j.LocalContainerEntityManagerFactoryBean : Initialized JPA EntityManagerFactory for persistence unit 'default'
2024-08-18T11:29:01.810+07:00  WARN 2136 --- [doan] [main] JpaBaseConfiguration$JpaWebConfiguration : spring.jpa.open-in-view is enabled by default. Therefore, database queries may be performed during view rendering. Explicitly configure spring.jpa.open-in-view to disable this warning
2024-08-18T11:29:01.834+07:00  INFO 2136 --- [doan] [main] o.s.b.a.w.s.WelcomePageHandlerMapping    : Adding welcome page: class path resource [static/index.html]
2024-08-18T11:29:02.307+07:00  INFO 2136 --- [doan] [main] o.s.b.w.embedded.tomcat.TomcatWebServer  : Tomcat started on port 6868 (http) with context path '/'
2024-08-18T11:29:02.318+07:00  INFO 2136 --- [doan] [main] h.project.doan.DoanApplication           : Started DoanApplication in 4.098 seconds (process running for 4.41)
2024-08-18T11:29:11.978+07:00  INFO 2136 --- [doan] [http-nio-6868-exec-1] o.a.c.c.C.[Tomcat].[localhost].[/]       : Initializing Spring DispatcherServlet 'dispatcherServlet'
2024-08-18T11:29:11.978+07:00  INFO 2136 --- [doan] [http-nio-6868-exec-1] o.s.web.servlet.DispatcherServlet        : Initializing Servlet 'dispatcherServlet'
2024-08-18T11:29:11.979+07:00  INFO 2136 --- [doan] [http-nio-6868-exec-1] o.s.web.servlet.DispatcherServlet        : Completed initialization in 1 ms
2024-08-18T11:29:12.113+07:00 DEBUG 2136 --- [doan] [http-nio-6868-exec-1] org.hibernate.SQL                        : select cd1_0.id,cd1_0.gia_tri,cd1_0.khoa from cai_dat cd1_0
2024-08-18T11:29:12.226+07:00 DEBUG 2136 --- [doan] [http-nio-6868-exec-2] org.hibernate.SQL                        : select cd1_0.id,cd1_0.gia_tri,cd1_0.khoa from cai_dat cd1_0
2024-08-18T11:29:12.424+07:00  WARN 2136 --- [doan] [http-nio-6868-exec-2] actStandardFragmentInsertionTagProcessor : [THYMELEAF][http-nio-6868-exec-2][layouts/layout-admin-login.html] Deprecated unwrapped fragment expression "${content}" found in template layouts/layout-admin-login.html, line 14, col 12. Please use the complete syntax of fragment expressions instead ("~{${content}}"). The old, unwrapped syntax for fragment expressions will be removed in future versions of Thymeleaf.
2024-08-18T11:29:12.684+07:00 DEBUG 2136 --- [doan] [http-nio-6868-exec-3] org.hibernate.SQL                        : select cd1_0.id,cd1_0.gia_tri,cd1_0.khoa from cai_dat cd1_0
2024-08-18T11:29:17.700+07:00 DEBUG 2136 --- [doan] [http-nio-6868-exec-4] org.hibernate.SQL                        : select cd1_0.id,cd1_0.gia_tri,cd1_0.khoa from cai_dat cd1_0
2024-08-18T11:29:17.721+07:00 DEBUG 2136 --- [doan] [http-nio-6868-exec-4] org.hibernate.SQL                        : select nv1_0.id from nhan_vien nv1_0 where nv1_0.ten_dang_nhap=? limit ?
2024-08-18T11:29:17.727+07:00 DEBUG 2136 --- [doan] [http-nio-6868-exec-4] org.hibernate.SQL                        : select nv1_0.id,nv1_0.anh_dai_dien,nv1_0.dien_thoai,nv1_0.email,nv1_0.mat_khau,nv1_0.mo_ta,nv1_0.ngay_het_han,nv1_0.ngay_sua,nv1_0.ngay_tao,nv1_0.ten_dang_nhap,nv1_0.ten_day_du,nv1_0.thu_tu,nv1_0.trang_thai,nv1_0.xac_nhan_mat_khau from nhan_vien nv1_0 where nv1_0.ten_dang_nhap=?
2024-08-18T11:29:17.988+07:00 DEBUG 2136 --- [doan] [http-nio-6868-exec-5] org.hibernate.SQL                        : select cd1_0.id,cd1_0.gia_tri,cd1_0.khoa from cai_dat cd1_0
2024-08-18T11:29:17.996+07:00 DEBUG 2136 --- [doan] [http-nio-6868-exec-5] org.hibernate.SQL                        : select nv1_0.id,nv1_0.anh_dai_dien,nv1_0.dien_thoai,nv1_0.email,nv1_0.mat_khau,nv1_0.mo_ta,nv1_0.ngay_het_han,nv1_0.ngay_sua,nv1_0.ngay_tao,nv1_0.ten_dang_nhap,nv1_0.ten_day_du,nv1_0.thu_tu,nv1_0.trang_thai,nv1_0.xac_nhan_mat_khau from nhan_vien nv1_0 order by nv1_0.ten_day_du limit ?,?
2024-08-18T11:29:18.004+07:00 DEBUG 2136 --- [doan] [http-nio-6868-exec-5] org.hibernate.SQL                        : select count(nv1_0.id) from nhan_vien nv1_0
2024-08-18T11:29:18.067+07:00  WARN 2136 --- [doan] [http-nio-6868-exec-5] actStandardFragmentInsertionTagProcessor : [THYMELEAF][http-nio-6868-exec-5][layouts/layout-admin.html] Deprecated unwrapped fragment expression "${content}" found in template layouts/layout-admin.html, line 30, col 24. Please use the complete syntax of fragment expressions instead ("~{${content}}"). The old, unwrapped syntax for fragment expressions will be removed in future versions of Thymeleaf.
2024-08-18T11:29:18.117+07:00  WARN 2136 --- [doan] [http-nio-6868-exec-5] actStandardFragmentInsertionTagProcessor : [THYMELEAF][http-nio-6868-exec-5][admin/nhanvien/duyet.html] Deprecated unwrapped fragment expression "admin/nhanvien/form-bs4.html" found in template admin/nhanvien/duyet.html, line 38, col 20. Please use the complete syntax of fragment expressions instead ("~{admin/nhanvien/form-bs4.html}"). The old, unwrapped syntax for fragment expressions will be removed in future versions of Thymeleaf.
2024-08-18T11:29:18.140+07:00  WARN 2136 --- [doan] [http-nio-6868-exec-5] actStandardFragmentInsertionTagProcessor : [THYMELEAF][http-nio-6868-exec-5][admin/nhanvien/duyet.html] Deprecated unwrapped fragment expression "admin/nhanvien/form-xem-bs4.html" found in template admin/nhanvien/duyet.html, line 65, col 20. Please use the complete syntax of fragment expressions instead ("~{admin/nhanvien/form-xem-bs4.html}"). The old, unwrapped syntax for fragment expressions will be removed in future versions of Thymeleaf.
2024-08-18T11:29:22.999+07:00 DEBUG 2136 --- [doan] [http-nio-6868-exec-6] org.hibernate.SQL                        : select cd1_0.id,cd1_0.gia_tri,cd1_0.khoa from cai_dat cd1_0
2024-08-18T11:29:23.010+07:00  WARN 2136 --- [doan] [http-nio-6868-exec-6] actStandardFragmentInsertionTagProcessor : [THYMELEAF][http-nio-6868-exec-6][layouts/layout-admin.html] Deprecated unwrapped fragment expression "${content}" found in template layouts/layout-admin.html, line 30, col 24. Please use the complete syntax of fragment expressions instead ("~{${content}}"). The old, unwrapped syntax for fragment expressions will be removed in future versions of Thymeleaf.
2024-08-18T11:29:26.137+07:00 DEBUG 2136 --- [doan] [http-nio-6868-exec-7] org.hibernate.SQL                        : select cd1_0.id,cd1_0.gia_tri,cd1_0.khoa from cai_dat cd1_0
2024-08-18T11:29:26.140+07:00 DEBUG 2136 --- [doan] [http-nio-6868-exec-7] org.hibernate.SQL                        : select kh1_0.id,kh1_0.anh_dai_dien,kh1_0.dia_chi,kh1_0.dien_thoai,kh1_0.email,kh1_0.mat_khau,kh1_0.ngay_het_han,kh1_0.ngay_tao,kh1_0.ten_dang_nhap,kh1_0.ten_day_du,kh1_0.thu_tu,kh1_0.trang_thai from khach_hang kh1_0 order by kh1_0.ten_day_du limit ?,?
2024-08-18T11:29:26.150+07:00  WARN 2136 --- [doan] [http-nio-6868-exec-7] actStandardFragmentInsertionTagProcessor : [THYMELEAF][http-nio-6868-exec-7][layouts/layout-admin.html] Deprecated unwrapped fragment expression "${content}" found in template layouts/layout-admin.html, line 30, col 24. Please use the complete syntax of fragment expressions instead ("~{${content}}"). The old, unwrapped syntax for fragment expressions will be removed in future versions of Thymeleaf.
2024-08-18T11:29:26.193+07:00  WARN 2136 --- [doan] [http-nio-6868-exec-7] actStandardFragmentInsertionTagProcessor : [THYMELEAF][http-nio-6868-exec-7][admin/khachhang/duyet.html] Deprecated unwrapped fragment expression "admin/khachhang/form-bs4-kh.html" found in template admin/khachhang/duyet.html, line 38, col 20. Please use the complete syntax of fragment expressions instead ("~{admin/khachhang/form-bs4-kh.html}"). The old, unwrapped syntax for fragment expressions will be removed in future versions of Thymeleaf.
2024-08-18T11:29:26.212+07:00  WARN 2136 --- [doan] [http-nio-6868-exec-7] actStandardFragmentInsertionTagProcessor : [THYMELEAF][http-nio-6868-exec-7][admin/khachhang/duyet.html] Deprecated unwrapped fragment expression "admin/khachhang/form-xem-bs4.html" found in template admin/khachhang/duyet.html, line 65, col 20. Please use the complete syntax of fragment expressions instead ("~{admin/khachhang/form-xem-bs4.html}"). The old, unwrapped syntax for fragment expressions will be removed in future versions of Thymeleaf.
2024-08-18T11:29:28.330+07:00 DEBUG 2136 --- [doan] [http-nio-6868-exec-8] org.hibernate.SQL                        : select cd1_0.id,cd1_0.gia_tri,cd1_0.khoa from cai_dat cd1_0
2024-08-18T11:29:28.333+07:00 DEBUG 2136 --- [doan] [http-nio-6868-exec-8] org.hibernate.SQL                        : select nsx1_0.id,nsx1_0.anh,nsx1_0.link,nsx1_0.noi_bat,nsx1_0.ten,nsx1_0.thu_tu from nha_san_xuat nsx1_0
2024-08-18T11:29:28.342+07:00  WARN 2136 --- [doan] [http-nio-6868-exec-8] actStandardFragmentInsertionTagProcessor : [THYMELEAF][http-nio-6868-exec-8][layouts/layout-admin.html] Deprecated unwrapped fragment expression "${content}" found in template layouts/layout-admin.html, line 30, col 24. Please use the complete syntax of fragment expressions instead ("~{${content}}"). The old, unwrapped syntax for fragment expressions will be removed in future versions of Thymeleaf.
2024-08-18T11:29:28.366+07:00  WARN 2136 --- [doan] [http-nio-6868-exec-8] actStandardFragmentInsertionTagProcessor : [THYMELEAF][http-nio-6868-exec-8][admin/nhasanxuat/duyet.html] Deprecated unwrapped fragment expression "admin/nhasanxuat/form-bs4-nsx.html" found in template admin/nhasanxuat/duyet.html, line 37, col 20. Please use the complete syntax of fragment expressions instead ("~{admin/nhasanxuat/form-bs4-nsx.html}"). The old, unwrapped syntax for fragment expressions will be removed in future versions of Thymeleaf.
2024-08-18T11:29:30.208+07:00 DEBUG 2136 --- [doan] [http-nio-6868-exec-9] org.hibernate.SQL                        : select cd1_0.id,cd1_0.gia_tri,cd1_0.khoa from cai_dat cd1_0
2024-08-18T11:29:30.211+07:00 DEBUG 2136 --- [doan] [http-nio-6868-exec-9] org.hibernate.SQL                        : select sp1_0.id,sp1_0.anh_dai_dien,sp1_0.ban_chay,sp1_0.don_gia,sp1_0.mansx,sp1_0.mo_ta,sp1_0.model,sp1_0.ngay_het_han,sp1_0.ngay_sua,sp1_0.ngay_tao,sp1_0.noi_bat,sp1_0.tag,sp1_0.thu_tu,sp1_0.trang_thai from san_pham sp1_0
2024-08-18T11:29:30.220+07:00  WARN 2136 --- [doan] [http-nio-6868-exec-9] actStandardFragmentInsertionTagProcessor : [THYMELEAF][http-nio-6868-exec-9][layouts/layout-admin.html] Deprecated unwrapped fragment expression "${content}" found in template layouts/layout-admin.html, line 30, col 24. Please use the complete syntax of fragment expressions instead ("~{${content}}"). The old, unwrapped syntax for fragment expressions will be removed in future versions of Thymeleaf.
